2025-10-11 08:56:10,913 - LoginInterface - INFO - 使用eventlet作为SocketIO异步引擎
2025-10-11 08:56:10,956 - LoginInterface - INFO - 登录检查模块导入成功
2025-10-11 08:56:10,959 - LoginInterface - INFO - 电路配盘接线系统 - 统一登录界面 启动中...
2025-10-11 08:56:10,960 - LoginInterface - INFO - 启动时间: 2025-10-11 08:56:10
2025-10-11 08:56:10,960 - LoginInterface - INFO - 服务将在 http://localhost:5000 启动
2025-10-11 08:56:14,912 - LoginInterface - INFO - 用户访问登录页面
2025-10-11 08:56:15,223 - LoginInterface - WARNING - 页面未找到: /favicon.ico
2025-10-11 09:01:25,835 - LoginInterface - INFO - 用户访问登录页面
2025-10-11 09:01:26,110 - LoginInterface - WARNING - 页面未找到: /favicon.ico
2025-10-11 09:01:36,367 - LoginInterface - INFO - 接收到登录请求: 用户名=20251001, 身份=student
2025-10-11 09:01:36,367 - LoginCheck - INFO - 执行学生登录查询: SELECT sno, student_password, name FROM student WHERE sno = %s, 参数: 20251001
2025-10-11 09:01:36,403 - LoginInterface - INFO - 用户登录成功: 20251001
2025-10-11 09:01:37,625 - LoginInterface - INFO - 用户访问学生界面
2025-10-11 09:01:37,626 - LoginInterface - INFO - 重定向到学生端应用: http://localhost:8088/?student_id=20251001&student_name=郁老师
2025-10-11 09:06:57,998 - LoginInterface - INFO - 用户访问登录页面
2025-10-11 09:08:19,457 - LoginInterface - INFO - 用户访问登录页面
2025-10-11 09:08:19,791 - LoginInterface - WARNING - 页面未找到: /favicon.ico
2025-10-11 09:08:27,668 - LoginInterface - INFO - 接收到登录请求: 用户名=20251001, 身份=student
2025-10-11 09:08:27,668 - LoginCheck - INFO - 执行学生登录查询: SELECT sno, student_password, name FROM student WHERE sno = %s, 参数: 20251001
2025-10-11 09:08:27,682 - LoginInterface - WARNING - 用户登录失败: 20251001, 原因: 密码错误
2025-10-11 09:08:31,453 - LoginInterface - INFO - 接收到登录请求: 用户名=20251001, 身份=student
2025-10-11 09:08:31,454 - LoginCheck - INFO - 执行学生登录查询: SELECT sno, student_password, name FROM student WHERE sno = %s, 参数: 20251001
2025-10-11 09:08:31,467 - LoginInterface - INFO - 用户登录成功: 20251001
2025-10-11 09:08:32,683 - LoginInterface - INFO - 用户访问学生界面
2025-10-11 09:08:32,684 - LoginInterface - INFO - 重定向到学生端应用: http://localhost:8088/?student_id=20251001&student_name=郁同学
2025-10-11 10:37:49,897 - LoginInterface - INFO - 服务已停止
