2025-10-11 08:39:16,656 - LoginInterface - INFO - 使用eventlet作为SocketIO异步引擎
2025-10-11 08:39:16,702 - LoginInterface - INFO - 登录检查模块导入成功
2025-10-11 08:39:16,705 - LoginInterface - INFO - 电路配盘接线系统 - 统一登录界面 启动中...
2025-10-11 08:39:16,706 - LoginInterface - INFO - 启动时间: 2025-10-11 08:39:16
2025-10-11 08:39:16,706 - LoginInterface - INFO - 服务将在 http://localhost:5000 启动
2025-10-11 08:39:38,675 - LoginInterface - INFO - 用户访问登录页面
2025-10-11 08:39:38,960 - LoginInterface - WARNING - 页面未找到: /favicon.ico
2025-10-11 08:39:47,761 - LoginInterface - INFO - 用户访问登录页面
2025-10-11 08:39:48,069 - LoginInterface - WARNING - 页面未找到: /favicon.ico
2025-10-11 08:39:51,622 - LoginInterface - INFO - 接收到登录请求: 用户名=123231, 身份=student
2025-10-11 08:39:51,622 - LoginCheck - INFO - 执行学生登录查询: SELECT student_id, student_password, name FROM student WHERE student_id = %s, 参数: 123231
2025-10-11 08:39:51,660 - LoginInterface - WARNING - 用户登录失败: 123231, 原因: 学号不存在
2025-10-11 08:41:01,449 - LoginInterface - INFO - 用户访问登录页面
2025-10-11 08:41:01,754 - LoginInterface - WARNING - 页面未找到: /favicon.ico
2025-10-11 08:41:07,921 - LoginInterface - INFO - 接收到登录请求: 用户名=20251001, 身份=student
2025-10-11 08:41:07,921 - LoginCheck - INFO - 执行学生登录查询: SELECT student_id, student_password, name FROM student WHERE student_id = %s, 参数: 20251001
2025-10-11 08:41:07,936 - LoginInterface - WARNING - 用户登录失败: 20251001, 原因: 学号不存在
2025-10-11 08:41:15,846 - LoginInterface - INFO - 接收到登录请求: 用户名=20251001, 身份=student
2025-10-11 08:41:15,846 - LoginCheck - INFO - 执行学生登录查询: SELECT student_id, student_password, name FROM student WHERE student_id = %s, 参数: 20251001
2025-10-11 08:41:15,862 - LoginInterface - WARNING - 用户登录失败: 20251001, 原因: 学号不存在
2025-10-11 08:43:25,742 - LoginInterface - INFO - 服务已停止
