2025-11-29 16:13:23,422 - INFO - 登录检查模块导入成功
2025-11-29 16:13:23,424 - INFO - ✅ 启动统一登录服务（账号密码 + 人脸识别）
2025-11-29 16:13:23,424 - INFO - 访问地址: http://localhost:5000/login_page
2025-11-29 16:13:25,596 - ERROR - Exception on /login_page [GET]
Traceback (most recent call last):
  File "C:\Users\Administrator\miniconda3\envs\videoProject\lib\site-packages\flask\app.py", line 1511, in wsgi_app
    response = self.full_dispatch_request()
  File "C:\Users\Administrator\miniconda3\envs\videoProject\lib\site-packages\flask\app.py", line 919, in full_dispatch_request
    rv = self.handle_user_exception(e)
  File "C:\Users\Administrator\miniconda3\envs\videoProject\lib\site-packages\flask_cors\extension.py", line 176, in wrapped_function
    return cors_after_request(app.make_response(f(*args, **kwargs)))
  File "C:\Users\Administrator\miniconda3\envs\videoProject\lib\site-packages\flask\app.py", line 917, in full_dispatch_request
    rv = self.dispatch_request()
  File "C:\Users\Administrator\miniconda3\envs\videoProject\lib\site-packages\flask\app.py", line 902, in dispatch_request
    return self.ensure_sync(self.view_functions[rule.endpoint])(**view_args)  # type: ignore[no-any-return]
  File "C:\Users\Administrator\Desktop\videoProject_copy\ui\login\login_interface.py", line 139, in login_page
    return render_template('login.html')
  File "C:\Users\Administrator\miniconda3\envs\videoProject\lib\site-packages\flask\templating.py", line 149, in render_template
    template = app.jinja_env.get_or_select_template(template_name_or_list)
  File "C:\Users\Administrator\miniconda3\envs\videoProject\lib\site-packages\jinja2\environment.py", line 1087, in get_or_select_template
    return self.get_template(template_name_or_list, parent, globals)
  File "C:\Users\Administrator\miniconda3\envs\videoProject\lib\site-packages\jinja2\environment.py", line 1016, in get_template
    return self._load_template(name, globals)
  File "C:\Users\Administrator\miniconda3\envs\videoProject\lib\site-packages\jinja2\environment.py", line 975, in _load_template
    template = self.loader.load(self, name, self.make_globals(globals))
  File "C:\Users\Administrator\miniconda3\envs\videoProject\lib\site-packages\jinja2\loaders.py", line 138, in load
    code = environment.compile(source, name, filename)
  File "C:\Users\Administrator\miniconda3\envs\videoProject\lib\site-packages\jinja2\environment.py", line 771, in compile
    self.handle_exception(source=source_hint)
  File "C:\Users\Administrator\miniconda3\envs\videoProject\lib\site-packages\jinja2\environment.py", line 942, in handle_exception
    raise rewrite_traceback_stack(source=source)
  File "C:\Users\Administrator\Desktop\videoProject_copy\ui\login\templates\login.html", line 337, in template
    <label>{{ registerData.identity === 'student' ? '学号' : '工号' }}</label>
jinja2.exceptions.TemplateSyntaxError: unexpected '='
