2025-11-28 14:25:30,568 - INFO - 登录检查模块导入成功
2025-11-28 14:25:30,572 - INFO - ✅ 启动统一登录服务（账号密码 + 人脸识别）
2025-11-28 14:25:30,572 - INFO - 访问地址: http://localhost:5000/login_page
2025-11-28 14:25:30,788 - ERROR - Exception on /login_page [GET]
Traceback (most recent call last):
  File "D:\Anaconda\envs\llama_factory\lib\site-packages\flask\app.py", line 2190, in wsgi_app
    response = self.full_dispatch_request()
  File "D:\Anaconda\envs\llama_factory\lib\site-packages\flask\app.py", line 1486, in full_dispatch_request
    rv = self.handle_user_exception(e)
  File "D:\Anaconda\envs\llama_factory\lib\site-packages\flask_cors\extension.py", line 176, in wrapped_function
    return cors_after_request(app.make_response(f(*args, **kwargs)))
  File "D:\Anaconda\envs\llama_factory\lib\site-packages\flask\app.py", line 1484, in full_dispatch_request
    rv = self.dispatch_request()
  File "D:\Anaconda\envs\llama_factory\lib\site-packages\flask\app.py", line 1469, in dispatch_request
    return self.ensure_sync(self.view_functions[rule.endpoint])(**view_args)
  File "C:\Users\12044\Desktop\videoProject\ui\login\login_interface.py", line 139, in login_page
    return render_template('login.html')
  File "D:\Anaconda\envs\llama_factory\lib\site-packages\flask\templating.py", line 150, in render_template
    template = app.jinja_env.get_or_select_template(template_name_or_list)
  File "D:\Anaconda\envs\llama_factory\lib\site-packages\jinja2\environment.py", line 1087, in get_or_select_template
    return self.get_template(template_name_or_list, parent, globals)
  File "D:\Anaconda\envs\llama_factory\lib\site-packages\jinja2\environment.py", line 1016, in get_template
    return self._load_template(name, globals)
  File "D:\Anaconda\envs\llama_factory\lib\site-packages\jinja2\environment.py", line 975, in _load_template
    template = self.loader.load(self, name, self.make_globals(globals))
  File "D:\Anaconda\envs\llama_factory\lib\site-packages\jinja2\loaders.py", line 126, in load
    source, filename, uptodate = self.get_source(environment, name)
  File "D:\Anaconda\envs\llama_factory\lib\site-packages\flask\templating.py", line 64, in get_source
    return self._get_source_fast(environment, template)
  File "D:\Anaconda\envs\llama_factory\lib\site-packages\flask\templating.py", line 95, in _get_source_fast
    return loader.get_source(environment, template)
  File "D:\Anaconda\envs\llama_factory\lib\site-packages\jinja2\loaders.py", line 215, in get_source
    contents = f.read()
  File "D:\Anaconda\envs\llama_factory\lib\codecs.py", line 322, in decode
    (result, consumed) = self._buffer_decode(data, self.errors, final)
UnicodeDecodeError: 'utf-8' codec can't decode byte 0xb5 in position 156: invalid start byte
